<?xml version="1.0" encoding="UTF-8"?>
<!-- Generated by org.testng.reporters.JUnitXMLReporter -->
<testsuite ignored="0" hostname="ZSCHN01LP0426" failures="0" tests="5" name="Test" time="8.538" errors="0" timestamp="2023-07-27T13:14:15 IST">
  <testcase classname="WebActions.login" name="appInit" time="1.899"/>
  <testcase classname="WebActions.login" name="loginTest" time="1.76"/>
  <testcase classname="WebActions.radioAndCheckAction" name="clickingOnRadioButton" time="0.105"/>
  <testcase classname="WebActions.radioAndCheckAction" name="ClickingOnCheckBoxes" time="0.096"/>
  <testcase classname="WebActions.radioAndCheckAction" name="ClickingOnDropDown" time="0.157"/>
</testsuite> <!-- Test -->
